Assembler report for SLC3
Thu Mar 02 08:35:25 2017
Quartus II 64-Bit Version 15.0.0 Build 145 04/22/2015 SJ Web Edition


---------------------
; Table of Contents ;
---------------------
  1. Legal Notice
  2. Assembler Summary
  3. Assembler Settings
  4. Assembler Generated Files
  5. Assembler Device Options: D:/University of Illinois/Spring 2017/ECE 385/Lab_6/Lab6/output_files/SLC3.sof
  6. Assembler Messages



----------------
; Legal Notice ;
----------------
Copyright (C) 1991-2015 Altera Corporation. All rights reserved.
Your use of Altera Corporation's design tools, logic functions 
and other software and tools, and its AMPP partner logic 
functions, and any output files from any of the foregoing 
(including device programming or simulation files), and any 
associated documentation or information are expressly subject 
to the terms and conditions of the Altera Program License 
Subscription Agreement, the Altera Quartus II License Agreement,
the Altera MegaCore Function License Agreement, or other 
applicable license agreement, including, without limitation, 
that your use is for the sole purpose of programming logic 
devices manufactured by Altera and sold by Altera or its 
authorized distributors.  Please refer to the applicable 
agreement for further details.



+---------------------------------------------------------------+
; Assembler Summary                                             ;
+-----------------------+---------------------------------------+
; Assembler Status      ; Successful - Thu Mar 02 08:35:25 2017 ;
; Revision Name         ; SLC3                                  ;
; Top-level Entity Name ; slc3                                  ;
; Family                ; Cyclone IV E                          ;
; Device                ; EP4CE115F29C7                         ;
+-----------------------+---------------------------------------+


+----------------------------------+
; Assembler Settings               ;
+--------+---------+---------------+
; Option ; Setting ; Default Value ;
+--------+---------+---------------+


+--------------------------------------------------------------------------------+
; Assembler Generated Files                                                      ;
+--------------------------------------------------------------------------------+
; File Name                                                                      ;
+--------------------------------------------------------------------------------+
; D:/University of Illinois/Spring 2017/ECE 385/Lab_6/Lab6/output_files/SLC3.sof ;
+--------------------------------------------------------------------------------+


+----------------------------------------------------------------------------------------------------------+
; Assembler Device Options: D:/University of Illinois/Spring 2017/ECE 385/Lab_6/Lab6/output_files/SLC3.sof ;
+----------------+-----------------------------------------------------------------------------------------+
; Option         ; Setting                                                                                 ;
+----------------+-----------------------------------------------------------------------------------------+
; Device         ; EP4CE115F29C7                                                                           ;
; JTAG usercode  ; 0x005D9F69                                                                              ;
; Checksum       ; 0x005D9F69                                                                              ;
+----------------+-----------------------------------------------------------------------------------------+


+--------------------+
; Assembler Messages ;
+--------------------+
Info: *******************************************************************
Info: Running Quartus II 64-Bit Assembler
    Info: Version 15.0.0 Build 145 04/22/2015 SJ Web Edition
    Info: Processing started: Thu Mar 02 08:35:19 2017
Info: Command: quartus_asm --read_settings_files=off --write_settings_files=off SLC3 -c SLC3
Info (115031): Writing out detailed assembly data for power analysis
Info (115030): Assembler is generating device programming files
Info: Quartus II 64-Bit Assembler was successful. 0 errors, 0 warnings
    Info: Peak virtual memory: 643 megabytes
    Info: Processing ended: Thu Mar 02 08:35:26 2017
    Info: Elapsed time: 00:00:07
    Info: Total CPU time (on all processors): 00:00:06


